<?xml version="1.0" encoding="UTF-8"?>
<!-- Generated by org.testng.reporters.JUnitReportReporter -->
<testsuite skipped="0" hostname="DESKTOP-VQ1I7MO" name="org.TestNG.testNGprac$Suiteclass" tests="1" failures="0" timestamp="25 Nov 2021 05:52:08 GMT" time="10.464" errors="0">
  <testcase name="Tcs2" time="10.464" classname="org.TestNG.testNGprac$Suiteclass"/>
</testsuite> <!-- org.TestNG.testNGprac$Suiteclass -->
