<?xml version="1.0" encoding="UTF-8"?>
<!-- Generated by org.testng.reporters.JUnitReportReporter -->
<testsuite skipped="0" hostname="DESKTOP-VQ1I7MO" name="org.TestNG.Suiteclass" tests="1" failures="0" timestamp="25 Nov 2021 05:52:08 GMT" time="6.805" errors="0">
  <testcase name="tc22" time="6.805" classname="org.TestNG.Suiteclass"/>
</testsuite> <!-- org.TestNG.Suiteclass -->
